2025-07-25T10:14:46.068+06:00  INFO 13928 --- [BRTA EasyFill] [main] c.i.b.BrtaEasyFillApplication            : Starting BrtaEasyFillApplication using Java 24.0.1 with PID 13928 (E:\BRTA EasyFill\brtaeasyfill\target\classes started by Ai in E:\BRTA EasyFill\brtaeasyfill)
2025-07-25T10:14:46.089+06:00 DEBUG 13928 --- [BRTA EasyFill] [main] c.i.b.BrtaEasyFillApplication            : Running with Spring Boot v3.5.3, Spring v6.2.8
2025-07-25T10:14:46.093+06:00  INFO 13928 --- [BRTA EasyFill] [main] c.i.b.BrtaEasyFillApplication            : No active profile set, falling back to 1 default profile: "default"
2025-07-25T10:14:47.460+06:00  INFO 13928 --- [BRTA EasyFill] [main] .s.d.r.c.RepositoryConfigurationDelegate : Bootstrapping Spring Data JPA repositories in DEFAULT mode.
2025-07-25T10:14:47.614+06:00  INFO 13928 --- [BRTA EasyFill] [main] .s.d.r.c.RepositoryConfigurationDelegate : Finished Spring Data repository scanning in 129 ms. Found 4 JPA repository interfaces.
2025-07-25T10:14:48.653+06:00  INFO 13928 --- [BRTA EasyFill] [main] o.s.b.w.embedded.tomcat.TomcatWebServer  : Tomcat initialized with port 8080 (http)
2025-07-25T10:14:48.693+06:00  INFO 13928 --- [BRTA EasyFill] [main] o.apache.catalina.core.StandardService   : Starting service [Tomcat]
2025-07-25T10:14:48.695+06:00  INFO 13928 --- [BRTA EasyFill] [main] o.apache.catalina.core.StandardEngine    : Starting Servlet engine: [Apache Tomcat/10.1.42]
2025-07-25T10:14:48.873+06:00  INFO 13928 --- [BRTA EasyFill] [main] o.a.c.c.C.[Tomcat].[localhost].[/api]    : Initializing Spring embedded WebApplicationContext
2025-07-25T10:14:48.874+06:00  INFO 13928 --- [BRTA EasyFill] [main] w.s.c.ServletWebServerApplicationContext : Root WebApplicationContext: initialization completed in 2592 ms
2025-07-25T10:14:49.462+06:00  INFO 13928 --- [BRTA EasyFill] [main] o.hibernate.jpa.internal.util.LogHelper  : HHH000204: Processing PersistenceUnitInfo [name: default]
2025-07-25T10:14:49.586+06:00  INFO 13928 --- [BRTA EasyFill] [main] org.hibernate.Version                    : HHH000412: Hibernate ORM core version 6.6.18.Final
2025-07-25T10:14:49.698+06:00  INFO 13928 --- [BRTA EasyFill] [main] o.h.c.internal.RegionFactoryInitiator    : HHH000026: Second-level cache disabled
2025-07-25T10:14:50.336+06:00  INFO 13928 --- [BRTA EasyFill] [main] o.s.o.j.p.SpringPersistenceUnitInfo      : No LoadTimeWeaver setup: ignoring JPA class transformer
2025-07-25T10:14:50.427+06:00  INFO 13928 --- [BRTA EasyFill] [main] com.zaxxer.hikari.HikariDataSource       : HikariPool-1 - Starting...
2025-07-25T10:14:50.437+06:00  WARN 13928 --- [BRTA EasyFill] [main] c.zaxxer.hikari.util.DriverDataSource    : Registered driver with driverClassName=oracle.jdbc.driver.OracleDriver was not found, trying direct instantiation.
2025-07-25T10:14:51.049+06:00  INFO 13928 --- [BRTA EasyFill] [main] com.zaxxer.hikari.pool.HikariPool        : HikariPool-1 - Added connection oracle.jdbc.driver.T4CConnection@50dc49e1
2025-07-25T10:14:51.053+06:00  INFO 13928 --- [BRTA EasyFill] [main] com.zaxxer.hikari.HikariDataSource       : HikariPool-1 - Start completed.
2025-07-25T10:14:51.558+06:00  WARN 13928 --- [BRTA EasyFill] [main] org.hibernate.orm.deprecation            : HHH90000025: OracleDialect does not need to be specified explicitly using 'hibernate.dialect' (remove the property setting and it will be selected by default)
2025-07-25T10:14:51.637+06:00  INFO 13928 --- [BRTA EasyFill] [main] org.hibernate.orm.connections.pooling    : HHH10001005: Database info:
	Database JDBC URL [Connecting through datasource 'HikariDataSource (HikariPool-1)']
	Database driver: undefined/unknown
	Database version: 21.0
	Autocommit mode: undefined/unknown
	Isolation level: undefined/unknown
	Minimum pool size: undefined/unknown
	Maximum pool size: undefined/unknown
2025-07-25T10:14:53.989+06:00  INFO 13928 --- [BRTA EasyFill] [main] o.h.e.t.j.p.i.JtaPlatformInitiator       : HHH000489: No JTA platform available (set 'hibernate.transaction.jta.platform' to enable JTA platform integration)
2025-07-25T10:14:54.847+06:00  INFO 13928 --- [BRTA EasyFill] [main] j.LocalContainerEntityManagerFactoryBean : Initialized JPA EntityManagerFactory for persistence unit 'default'
2025-07-25T10:14:55.364+06:00  WARN 13928 --- [BRTA EasyFill] [main] JpaBaseConfiguration$JpaWebConfiguration : spring.jpa.open-in-view is enabled by default. Therefore, database queries may be performed during view rendering. Explicitly configure spring.jpa.open-in-view to disable this warning
2025-07-25T10:14:56.431+06:00  INFO 13928 --- [BRTA EasyFill] [main] o.s.b.w.embedded.tomcat.TomcatWebServer  : Tomcat started on port 8080 (http) with context path '/api'
2025-07-25T10:14:56.451+06:00  INFO 13928 --- [BRTA EasyFill] [main] c.i.b.BrtaEasyFillApplication            : Started BrtaEasyFillApplication in 11.418 seconds (process running for 12.189)
2025-07-25T10:15:02.872+06:00  INFO 13928 --- [BRTA EasyFill] [http-nio-8080-exec-2] o.a.c.c.C.[Tomcat].[localhost].[/api]    : Initializing Spring DispatcherServlet 'dispatcherServlet'
2025-07-25T10:15:02.922+06:00  INFO 13928 --- [BRTA EasyFill] [http-nio-8080-exec-2] o.s.web.servlet.DispatcherServlet        : Initializing Servlet 'dispatcherServlet'
2025-07-25T10:15:02.932+06:00  INFO 13928 --- [BRTA EasyFill] [http-nio-8080-exec-2] o.s.web.servlet.DispatcherServlet        : Completed initialization in 9 ms
2025-07-25T12:11:11.888+06:00  INFO 13928 --- [BRTA EasyFill] [SpringApplicationShutdownHook] o.s.b.w.e.tomcat.GracefulShutdown        : Commencing graceful shutdown. Waiting for active requests to complete
2025-07-25T12:11:11.904+06:00  INFO 13928 --- [BRTA EasyFill] [tomcat-shutdown] o.s.b.w.e.tomcat.GracefulShutdown        : Graceful shutdown complete
2025-07-25T12:11:11.916+06:00  INFO 13928 --- [BRTA EasyFill] [SpringApplicationShutdownHook] j.LocalContainerEntityManagerFactoryBean : Closing JPA EntityManagerFactory for persistence unit 'default'
2025-07-25T12:11:11.950+06:00  INFO 13928 --- [BRTA EasyFill] [SpringApplicationShutdownHook] com.zaxxer.hikari.HikariDataSource       : HikariPool-1 - Shutdown initiated...
2025-07-25T12:11:11.974+06:00  INFO 13928 --- [BRTA EasyFill] [SpringApplicationShutdownHook] com.zaxxer.hikari.HikariDataSource       : HikariPool-1 - Shutdown completed.
2025-07-25T12:34:49.446+06:00  INFO 4872 --- [BRTA EasyFill] [main] c.i.b.BrtaEasyFillApplication            : Starting BrtaEasyFillApplication using Java 24.0.1 with PID 4872 (E:\BRTA EasyFill\brtaeasyfill\target\classes started by Ai in E:\BRTA EasyFill\brtaeasyfill)
2025-07-25T12:34:49.449+06:00 DEBUG 4872 --- [BRTA EasyFill] [main] c.i.b.BrtaEasyFillApplication            : Running with Spring Boot v3.5.3, Spring v6.2.8
2025-07-25T12:34:49.450+06:00  INFO 4872 --- [BRTA EasyFill] [main] c.i.b.BrtaEasyFillApplication            : No active profile set, falling back to 1 default profile: "default"
2025-07-25T12:34:50.304+06:00  INFO 4872 --- [BRTA EasyFill] [main] .s.d.r.c.RepositoryConfigurationDelegate : Bootstrapping Spring Data JPA repositories in DEFAULT mode.
2025-07-25T12:34:50.382+06:00  INFO 4872 --- [BRTA EasyFill] [main] .s.d.r.c.RepositoryConfigurationDelegate : Finished Spring Data repository scanning in 63 ms. Found 1 JPA repository interface.
2025-07-25T12:34:51.126+06:00  INFO 4872 --- [BRTA EasyFill] [main] o.s.b.w.embedded.tomcat.TomcatWebServer  : Tomcat initialized with port 8080 (http)
2025-07-25T12:34:51.156+06:00  INFO 4872 --- [BRTA EasyFill] [main] o.apache.catalina.core.StandardService   : Starting service [Tomcat]
2025-07-25T12:34:51.156+06:00  INFO 4872 --- [BRTA EasyFill] [main] o.apache.catalina.core.StandardEngine    : Starting Servlet engine: [Apache Tomcat/10.1.42]
2025-07-25T12:34:51.263+06:00  INFO 4872 --- [BRTA EasyFill] [main] o.a.c.c.C.[Tomcat].[localhost].[/api]    : Initializing Spring embedded WebApplicationContext
2025-07-25T12:34:51.263+06:00  INFO 4872 --- [BRTA EasyFill] [main] w.s.c.ServletWebServerApplicationContext : Root WebApplicationContext: initialization completed in 1722 ms
2025-07-25T12:34:51.781+06:00  INFO 4872 --- [BRTA EasyFill] [main] o.hibernate.jpa.internal.util.LogHelper  : HHH000204: Processing PersistenceUnitInfo [name: default]
2025-07-25T12:34:51.879+06:00  INFO 4872 --- [BRTA EasyFill] [main] org.hibernate.Version                    : HHH000412: Hibernate ORM core version 6.6.18.Final
2025-07-25T12:34:51.940+06:00  INFO 4872 --- [BRTA EasyFill] [main] o.h.c.internal.RegionFactoryInitiator    : HHH000026: Second-level cache disabled
2025-07-25T12:34:52.350+06:00  INFO 4872 --- [BRTA EasyFill] [main] o.s.o.j.p.SpringPersistenceUnitInfo      : No LoadTimeWeaver setup: ignoring JPA class transformer
2025-07-25T12:34:52.399+06:00  INFO 4872 --- [BRTA EasyFill] [main] com.zaxxer.hikari.HikariDataSource       : HikariPool-1 - Starting...
2025-07-25T12:34:52.404+06:00  WARN 4872 --- [BRTA EasyFill] [main] c.zaxxer.hikari.util.DriverDataSource    : Registered driver with driverClassName=oracle.jdbc.driver.OracleDriver was not found, trying direct instantiation.
2025-07-25T12:34:52.821+06:00  INFO 4872 --- [BRTA EasyFill] [main] com.zaxxer.hikari.pool.HikariPool        : HikariPool-1 - Added connection oracle.jdbc.driver.T4CConnection@78065fcd
2025-07-25T12:34:52.824+06:00  INFO 4872 --- [BRTA EasyFill] [main] com.zaxxer.hikari.HikariDataSource       : HikariPool-1 - Start completed.
2025-07-25T12:34:53.032+06:00  WARN 4872 --- [BRTA EasyFill] [main] org.hibernate.orm.deprecation            : HHH90000025: OracleDialect does not need to be specified explicitly using 'hibernate.dialect' (remove the property setting and it will be selected by default)
2025-07-25T12:34:53.078+06:00  INFO 4872 --- [BRTA EasyFill] [main] org.hibernate.orm.connections.pooling    : HHH10001005: Database info:
	Database JDBC URL [Connecting through datasource 'HikariDataSource (HikariPool-1)']
	Database driver: undefined/unknown
	Database version: 21.0
	Autocommit mode: undefined/unknown
	Isolation level: undefined/unknown
	Minimum pool size: undefined/unknown
	Maximum pool size: undefined/unknown
2025-07-25T12:34:54.206+06:00  INFO 4872 --- [BRTA EasyFill] [main] o.h.e.t.j.p.i.JtaPlatformInitiator       : HHH000489: No JTA platform available (set 'hibernate.transaction.jta.platform' to enable JTA platform integration)
2025-07-25T12:34:55.712+06:00  INFO 4872 --- [BRTA EasyFill] [main] j.LocalContainerEntityManagerFactoryBean : Initialized JPA EntityManagerFactory for persistence unit 'default'
2025-07-25T12:34:56.021+06:00  WARN 4872 --- [BRTA EasyFill] [main] JpaBaseConfiguration$JpaWebConfiguration : spring.jpa.open-in-view is enabled by default. Therefore, database queries may be performed during view rendering. Explicitly configure spring.jpa.open-in-view to disable this warning
2025-07-25T12:34:56.445+06:00  INFO 4872 --- [BRTA EasyFill] [main] o.s.b.w.embedded.tomcat.TomcatWebServer  : Tomcat started on port 8080 (http) with context path '/api'
2025-07-25T12:34:56.457+06:00  INFO 4872 --- [BRTA EasyFill] [main] c.i.b.BrtaEasyFillApplication            : Started BrtaEasyFillApplication in 7.68 seconds (process running for 8.187)
2025-07-25T12:35:01.031+06:00  INFO 4872 --- [BRTA EasyFill] [http-nio-8080-exec-1] o.a.c.c.C.[Tomcat].[localhost].[/api]    : Initializing Spring DispatcherServlet 'dispatcherServlet'
2025-07-25T12:35:01.032+06:00  INFO 4872 --- [BRTA EasyFill] [http-nio-8080-exec-1] o.s.web.servlet.DispatcherServlet        : Initializing Servlet 'dispatcherServlet'
2025-07-25T12:35:01.035+06:00  INFO 4872 --- [BRTA EasyFill] [http-nio-8080-exec-1] o.s.web.servlet.DispatcherServlet        : Completed initialization in 2 ms
2025-07-25T12:45:13.234+06:00  INFO 5720 --- [BRTA EasyFill] [main] c.i.b.BrtaEasyFillApplication            : Starting BrtaEasyFillApplication using Java 24.0.1 with PID 5720 (E:\BRTA EasyFill\brtaeasyfill\target\classes started by Ai in E:\BRTA EasyFill\brtaeasyfill)
2025-07-25T12:45:13.239+06:00 DEBUG 5720 --- [BRTA EasyFill] [main] c.i.b.BrtaEasyFillApplication            : Running with Spring Boot v3.5.3, Spring v6.2.8
2025-07-25T12:45:13.243+06:00  INFO 5720 --- [BRTA EasyFill] [main] c.i.b.BrtaEasyFillApplication            : No active profile set, falling back to 1 default profile: "default"
2025-07-25T12:45:14.505+06:00  INFO 5720 --- [BRTA EasyFill] [main] .s.d.r.c.RepositoryConfigurationDelegate : Bootstrapping Spring Data JPA repositories in DEFAULT mode.
2025-07-25T12:45:14.672+06:00  INFO 5720 --- [BRTA EasyFill] [main] .s.d.r.c.RepositoryConfigurationDelegate : Finished Spring Data repository scanning in 141 ms. Found 1 JPA repository interface.
2025-07-25T12:45:15.932+06:00  INFO 5720 --- [BRTA EasyFill] [main] o.s.b.w.embedded.tomcat.TomcatWebServer  : Tomcat initialized with port 8080 (http)
2025-07-25T12:45:16.025+06:00  INFO 5720 --- [BRTA EasyFill] [main] o.apache.catalina.core.StandardService   : Starting service [Tomcat]
2025-07-25T12:45:16.028+06:00  INFO 5720 --- [BRTA EasyFill] [main] o.apache.catalina.core.StandardEngine    : Starting Servlet engine: [Apache Tomcat/10.1.42]
2025-07-25T12:45:16.486+06:00  INFO 5720 --- [BRTA EasyFill] [main] o.a.c.c.C.[Tomcat].[localhost].[/api]    : Initializing Spring embedded WebApplicationContext
2025-07-25T12:45:16.487+06:00  INFO 5720 --- [BRTA EasyFill] [main] w.s.c.ServletWebServerApplicationContext : Root WebApplicationContext: initialization completed in 3085 ms
2025-07-25T12:45:17.044+06:00  INFO 5720 --- [BRTA EasyFill] [main] o.hibernate.jpa.internal.util.LogHelper  : HHH000204: Processing PersistenceUnitInfo [name: default]
2025-07-25T12:45:17.181+06:00  INFO 5720 --- [BRTA EasyFill] [main] org.hibernate.Version                    : HHH000412: Hibernate ORM core version 6.6.18.Final
2025-07-25T12:45:17.255+06:00  INFO 5720 --- [BRTA EasyFill] [main] o.h.c.internal.RegionFactoryInitiator    : HHH000026: Second-level cache disabled
2025-07-25T12:45:17.801+06:00  INFO 5720 --- [BRTA EasyFill] [main] o.s.o.j.p.SpringPersistenceUnitInfo      : No LoadTimeWeaver setup: ignoring JPA class transformer
2025-07-25T12:45:17.862+06:00  INFO 5720 --- [BRTA EasyFill] [main] com.zaxxer.hikari.HikariDataSource       : HikariPool-1 - Starting...
2025-07-25T12:45:17.866+06:00  WARN 5720 --- [BRTA EasyFill] [main] c.zaxxer.hikari.util.DriverDataSource    : Registered driver with driverClassName=oracle.jdbc.driver.OracleDriver was not found, trying direct instantiation.
2025-07-25T12:45:18.279+06:00  INFO 5720 --- [BRTA EasyFill] [main] com.zaxxer.hikari.pool.HikariPool        : HikariPool-1 - Added connection oracle.jdbc.driver.T4CConnection@51d8f2f2
2025-07-25T12:45:18.282+06:00  INFO 5720 --- [BRTA EasyFill] [main] com.zaxxer.hikari.HikariDataSource       : HikariPool-1 - Start completed.
2025-07-25T12:45:18.514+06:00  WARN 5720 --- [BRTA EasyFill] [main] org.hibernate.orm.deprecation            : HHH90000025: OracleDialect does not need to be specified explicitly using 'hibernate.dialect' (remove the property setting and it will be selected by default)
2025-07-25T12:45:18.586+06:00  INFO 5720 --- [BRTA EasyFill] [main] org.hibernate.orm.connections.pooling    : HHH10001005: Database info:
	Database JDBC URL [Connecting through datasource 'HikariDataSource (HikariPool-1)']
	Database driver: undefined/unknown
	Database version: 21.0
	Autocommit mode: undefined/unknown
	Isolation level: undefined/unknown
	Minimum pool size: undefined/unknown
	Maximum pool size: undefined/unknown
2025-07-25T12:45:20.032+06:00  INFO 5720 --- [BRTA EasyFill] [main] o.h.e.t.j.p.i.JtaPlatformInitiator       : HHH000489: No JTA platform available (set 'hibernate.transaction.jta.platform' to enable JTA platform integration)
2025-07-25T12:45:21.642+06:00  INFO 5720 --- [BRTA EasyFill] [main] j.LocalContainerEntityManagerFactoryBean : Initialized JPA EntityManagerFactory for persistence unit 'default'
2025-07-25T12:45:21.973+06:00  WARN 5720 --- [BRTA EasyFill] [main] JpaBaseConfiguration$JpaWebConfiguration : spring.jpa.open-in-view is enabled by default. Therefore, database queries may be performed during view rendering. Explicitly configure spring.jpa.open-in-view to disable this warning
2025-07-25T12:45:22.675+06:00  INFO 5720 --- [BRTA EasyFill] [main] o.s.b.w.embedded.tomcat.TomcatWebServer  : Tomcat started on port 8080 (http) with context path '/api'
2025-07-25T12:45:22.687+06:00  INFO 5720 --- [BRTA EasyFill] [main] c.i.b.BrtaEasyFillApplication            : Started BrtaEasyFillApplication in 10.231 seconds (process running for 10.853)
2025-07-25T12:46:10.587+06:00  INFO 5720 --- [BRTA EasyFill] [SpringApplicationShutdownHook] o.s.b.w.e.tomcat.GracefulShutdown        : Commencing graceful shutdown. Waiting for active requests to complete
2025-07-25T12:46:10.604+06:00  INFO 5720 --- [BRTA EasyFill] [tomcat-shutdown] o.s.b.w.e.tomcat.GracefulShutdown        : Graceful shutdown complete
2025-07-25T12:46:10.615+06:00  INFO 5720 --- [BRTA EasyFill] [SpringApplicationShutdownHook] j.LocalContainerEntityManagerFactoryBean : Closing JPA EntityManagerFactory for persistence unit 'default'
2025-07-25T12:46:10.621+06:00  INFO 5720 --- [BRTA EasyFill] [SpringApplicationShutdownHook] com.zaxxer.hikari.HikariDataSource       : HikariPool-1 - Shutdown initiated...
2025-07-25T12:46:10.677+06:00  INFO 5720 --- [BRTA EasyFill] [SpringApplicationShutdownHook] com.zaxxer.hikari.HikariDataSource       : HikariPool-1 - Shutdown completed.
2025-07-25T12:46:29.561+06:00  INFO 984 --- [BRTA EasyFill] [main] c.i.b.BrtaEasyFillApplication            : Starting BrtaEasyFillApplication using Java 24.0.1 with PID 984 (E:\BRTA EasyFill\brtaeasyfill\target\classes started by Ai in E:\BRTA EasyFill\brtaeasyfill)
2025-07-25T12:46:29.564+06:00 DEBUG 984 --- [BRTA EasyFill] [main] c.i.b.BrtaEasyFillApplication            : Running with Spring Boot v3.5.3, Spring v6.2.8
2025-07-25T12:46:29.565+06:00  INFO 984 --- [BRTA EasyFill] [main] c.i.b.BrtaEasyFillApplication            : No active profile set, falling back to 1 default profile: "default"
2025-07-25T12:46:30.825+06:00  INFO 984 --- [BRTA EasyFill] [main] .s.d.r.c.RepositoryConfigurationDelegate : Bootstrapping Spring Data JPA repositories in DEFAULT mode.
2025-07-25T12:46:30.938+06:00  INFO 984 --- [BRTA EasyFill] [main] .s.d.r.c.RepositoryConfigurationDelegate : Finished Spring Data repository scanning in 91 ms. Found 1 JPA repository interface.
2025-07-25T12:46:31.908+06:00  INFO 984 --- [BRTA EasyFill] [main] o.s.b.w.embedded.tomcat.TomcatWebServer  : Tomcat initialized with port 8080 (http)
2025-07-25T12:46:31.937+06:00  INFO 984 --- [BRTA EasyFill] [main] o.apache.catalina.core.StandardService   : Starting service [Tomcat]
2025-07-25T12:46:31.939+06:00  INFO 984 --- [BRTA EasyFill] [main] o.apache.catalina.core.StandardEngine    : Starting Servlet engine: [Apache Tomcat/10.1.42]
2025-07-25T12:46:32.049+06:00  INFO 984 --- [BRTA EasyFill] [main] o.a.c.c.C.[Tomcat].[localhost].[/api]    : Initializing Spring embedded WebApplicationContext
2025-07-25T12:46:32.050+06:00  INFO 984 --- [BRTA EasyFill] [main] w.s.c.ServletWebServerApplicationContext : Root WebApplicationContext: initialization completed in 2338 ms
2025-07-25T12:46:32.506+06:00  INFO 984 --- [BRTA EasyFill] [main] o.hibernate.jpa.internal.util.LogHelper  : HHH000204: Processing PersistenceUnitInfo [name: default]
2025-07-25T12:46:32.602+06:00  INFO 984 --- [BRTA EasyFill] [main] org.hibernate.Version                    : HHH000412: Hibernate ORM core version 6.6.18.Final
2025-07-25T12:46:32.670+06:00  INFO 984 --- [BRTA EasyFill] [main] o.h.c.internal.RegionFactoryInitiator    : HHH000026: Second-level cache disabled
2025-07-25T12:46:33.146+06:00  INFO 984 --- [BRTA EasyFill] [main] o.s.o.j.p.SpringPersistenceUnitInfo      : No LoadTimeWeaver setup: ignoring JPA class transformer
2025-07-25T12:46:33.204+06:00  INFO 984 --- [BRTA EasyFill] [main] com.zaxxer.hikari.HikariDataSource       : HikariPool-1 - Starting...
2025-07-25T12:46:33.208+06:00  WARN 984 --- [BRTA EasyFill] [main] c.zaxxer.hikari.util.DriverDataSource    : Registered driver with driverClassName=oracle.jdbc.driver.OracleDriver was not found, trying direct instantiation.
2025-07-25T12:46:33.677+06:00  INFO 984 --- [BRTA EasyFill] [main] com.zaxxer.hikari.pool.HikariPool        : HikariPool-1 - Added connection oracle.jdbc.driver.T4CConnection@4b476233
2025-07-25T12:46:33.680+06:00  INFO 984 --- [BRTA EasyFill] [main] com.zaxxer.hikari.HikariDataSource       : HikariPool-1 - Start completed.
2025-07-25T12:46:33.908+06:00  WARN 984 --- [BRTA EasyFill] [main] org.hibernate.orm.deprecation            : HHH90000025: OracleDialect does not need to be specified explicitly using 'hibernate.dialect' (remove the property setting and it will be selected by default)
2025-07-25T12:46:33.956+06:00  INFO 984 --- [BRTA EasyFill] [main] org.hibernate.orm.connections.pooling    : HHH10001005: Database info:
	Database JDBC URL [Connecting through datasource 'HikariDataSource (HikariPool-1)']
	Database driver: undefined/unknown
	Database version: 21.0
	Autocommit mode: undefined/unknown
	Isolation level: undefined/unknown
	Minimum pool size: undefined/unknown
	Maximum pool size: undefined/unknown
2025-07-25T12:46:35.092+06:00  INFO 984 --- [BRTA EasyFill] [main] o.h.e.t.j.p.i.JtaPlatformInitiator       : HHH000489: No JTA platform available (set 'hibernate.transaction.jta.platform' to enable JTA platform integration)
2025-07-25T12:46:35.284+06:00  INFO 984 --- [BRTA EasyFill] [main] j.LocalContainerEntityManagerFactoryBean : Initialized JPA EntityManagerFactory for persistence unit 'default'
2025-07-25T12:46:35.572+06:00  WARN 984 --- [BRTA EasyFill] [main] JpaBaseConfiguration$JpaWebConfiguration : spring.jpa.open-in-view is enabled by default. Therefore, database queries may be performed during view rendering. Explicitly configure spring.jpa.open-in-view to disable this warning
2025-07-25T12:46:36.041+06:00  INFO 984 --- [BRTA EasyFill] [main] o.s.b.w.embedded.tomcat.TomcatWebServer  : Tomcat started on port 8080 (http) with context path '/api'
2025-07-25T12:46:36.053+06:00  INFO 984 --- [BRTA EasyFill] [main] c.i.b.BrtaEasyFillApplication            : Started BrtaEasyFillApplication in 7.294 seconds (process running for 7.901)
2025-07-25T12:47:02.890+06:00  INFO 984 --- [BRTA EasyFill] [SpringApplicationShutdownHook] o.s.b.w.e.tomcat.GracefulShutdown        : Commencing graceful shutdown. Waiting for active requests to complete
2025-07-25T12:47:02.903+06:00  INFO 984 --- [BRTA EasyFill] [tomcat-shutdown] o.s.b.w.e.tomcat.GracefulShutdown        : Graceful shutdown complete
2025-07-25T12:47:02.909+06:00  INFO 984 --- [BRTA EasyFill] [SpringApplicationShutdownHook] j.LocalContainerEntityManagerFactoryBean : Closing JPA EntityManagerFactory for persistence unit 'default'
2025-07-25T12:47:02.916+06:00  INFO 984 --- [BRTA EasyFill] [SpringApplicationShutdownHook] com.zaxxer.hikari.HikariDataSource       : HikariPool-1 - Shutdown initiated...
2025-07-25T12:47:02.963+06:00  INFO 984 --- [BRTA EasyFill] [SpringApplicationShutdownHook] com.zaxxer.hikari.HikariDataSource       : HikariPool-1 - Shutdown completed.
2025-07-25T12:47:18.604+06:00  INFO 10520 --- [BRTA EasyFill] [main] c.i.b.BrtaEasyFillApplication            : Starting BrtaEasyFillApplication using Java 24.0.1 with PID 10520 (E:\BRTA EasyFill\brtaeasyfill\target\classes started by Ai in E:\BRTA EasyFill\brtaeasyfill)
2025-07-25T12:47:18.607+06:00 DEBUG 10520 --- [BRTA EasyFill] [main] c.i.b.BrtaEasyFillApplication            : Running with Spring Boot v3.5.3, Spring v6.2.8
2025-07-25T12:47:18.609+06:00  INFO 10520 --- [BRTA EasyFill] [main] c.i.b.BrtaEasyFillApplication            : No active profile set, falling back to 1 default profile: "default"
2025-07-25T12:47:19.480+06:00  INFO 10520 --- [BRTA EasyFill] [main] .s.d.r.c.RepositoryConfigurationDelegate : Bootstrapping Spring Data JPA repositories in DEFAULT mode.
2025-07-25T12:47:19.575+06:00  INFO 10520 --- [BRTA EasyFill] [main] .s.d.r.c.RepositoryConfigurationDelegate : Finished Spring Data repository scanning in 84 ms. Found 1 JPA repository interface.
2025-07-25T12:47:20.190+06:00  INFO 10520 --- [BRTA EasyFill] [main] o.s.b.w.embedded.tomcat.TomcatWebServer  : Tomcat initialized with port 8080 (http)
2025-07-25T12:47:20.214+06:00  INFO 10520 --- [BRTA EasyFill] [main] o.apache.catalina.core.StandardService   : Starting service [Tomcat]
2025-07-25T12:47:20.215+06:00  INFO 10520 --- [BRTA EasyFill] [main] o.apache.catalina.core.StandardEngine    : Starting Servlet engine: [Apache Tomcat/10.1.42]
2025-07-25T12:47:20.305+06:00  INFO 10520 --- [BRTA EasyFill] [main] o.a.c.c.C.[Tomcat].[localhost].[/]       : Initializing Spring embedded WebApplicationContext
2025-07-25T12:47:20.306+06:00  INFO 10520 --- [BRTA EasyFill] [main] w.s.c.ServletWebServerApplicationContext : Root WebApplicationContext: initialization completed in 1600 ms
2025-07-25T12:47:20.696+06:00  INFO 10520 --- [BRTA EasyFill] [main] o.hibernate.jpa.internal.util.LogHelper  : HHH000204: Processing PersistenceUnitInfo [name: default]
2025-07-25T12:47:20.765+06:00  INFO 10520 --- [BRTA EasyFill] [main] org.hibernate.Version                    : HHH000412: Hibernate ORM core version 6.6.18.Final
2025-07-25T12:47:20.814+06:00  INFO 10520 --- [BRTA EasyFill] [main] o.h.c.internal.RegionFactoryInitiator    : HHH000026: Second-level cache disabled
2025-07-25T12:47:21.177+06:00  INFO 10520 --- [BRTA EasyFill] [main] o.s.o.j.p.SpringPersistenceUnitInfo      : No LoadTimeWeaver setup: ignoring JPA class transformer
2025-07-25T12:47:21.220+06:00  INFO 10520 --- [BRTA EasyFill] [main] com.zaxxer.hikari.HikariDataSource       : HikariPool-1 - Starting...
2025-07-25T12:47:21.226+06:00  WARN 10520 --- [BRTA EasyFill] [main] c.zaxxer.hikari.util.DriverDataSource    : Registered driver with driverClassName=oracle.jdbc.driver.OracleDriver was not found, trying direct instantiation.
2025-07-25T12:47:21.602+06:00  INFO 10520 --- [BRTA EasyFill] [main] com.zaxxer.hikari.pool.HikariPool        : HikariPool-1 - Added connection oracle.jdbc.driver.T4CConnection@51d8f2f2
2025-07-25T12:47:21.604+06:00  INFO 10520 --- [BRTA EasyFill] [main] com.zaxxer.hikari.HikariDataSource       : HikariPool-1 - Start completed.
2025-07-25T12:47:21.797+06:00  WARN 10520 --- [BRTA EasyFill] [main] org.hibernate.orm.deprecation            : HHH90000025: OracleDialect does not need to be specified explicitly using 'hibernate.dialect' (remove the property setting and it will be selected by default)
2025-07-25T12:47:21.851+06:00  INFO 10520 --- [BRTA EasyFill] [main] org.hibernate.orm.connections.pooling    : HHH10001005: Database info:
	Database JDBC URL [Connecting through datasource 'HikariDataSource (HikariPool-1)']
	Database driver: undefined/unknown
	Database version: 21.0
	Autocommit mode: undefined/unknown
	Isolation level: undefined/unknown
	Minimum pool size: undefined/unknown
	Maximum pool size: undefined/unknown
2025-07-25T12:47:23.112+06:00  INFO 10520 --- [BRTA EasyFill] [main] o.h.e.t.j.p.i.JtaPlatformInitiator       : HHH000489: No JTA platform available (set 'hibernate.transaction.jta.platform' to enable JTA platform integration)
2025-07-25T12:47:23.344+06:00  INFO 10520 --- [BRTA EasyFill] [main] j.LocalContainerEntityManagerFactoryBean : Initialized JPA EntityManagerFactory for persistence unit 'default'
2025-07-25T12:47:23.654+06:00  WARN 10520 --- [BRTA EasyFill] [main] JpaBaseConfiguration$JpaWebConfiguration : spring.jpa.open-in-view is enabled by default. Therefore, database queries may be performed during view rendering. Explicitly configure spring.jpa.open-in-view to disable this warning
2025-07-25T12:47:24.188+06:00  INFO 10520 --- [BRTA EasyFill] [main] o.s.b.w.embedded.tomcat.TomcatWebServer  : Tomcat started on port 8080 (http) with context path '/'
2025-07-25T12:47:24.204+06:00  INFO 10520 --- [BRTA EasyFill] [main] c.i.b.BrtaEasyFillApplication            : Started BrtaEasyFillApplication in 6.263 seconds (process running for 6.785)
2025-07-25T12:47:45.909+06:00  INFO 10520 --- [BRTA EasyFill] [http-nio-8080-exec-1] o.a.c.c.C.[Tomcat].[localhost].[/]       : Initializing Spring DispatcherServlet 'dispatcherServlet'
2025-07-25T12:47:45.909+06:00  INFO 10520 --- [BRTA EasyFill] [http-nio-8080-exec-1] o.s.web.servlet.DispatcherServlet        : Initializing Servlet 'dispatcherServlet'
2025-07-25T12:47:45.911+06:00  INFO 10520 --- [BRTA EasyFill] [http-nio-8080-exec-1] o.s.web.servlet.DispatcherServlet        : Completed initialization in 1 ms
2025-07-25T12:47:51.300+06:00  INFO 10520 --- [BRTA EasyFill] [http-nio-8080-exec-2] c.i.b.service.FormReportService          : Loading JRXML: reports/form_a4.jrxml exists? true
2025-07-25T12:47:58.765+06:00  INFO 10520 --- [BRTA EasyFill] [http-nio-8080-exec-6] c.i.b.service.FormReportService          : Loading JRXML: reports/form_legal.jrxml exists? true
2025-07-25T12:50:39.153+06:00  INFO 10520 --- [BRTA EasyFill] [http-nio-8080-exec-9] c.i.b.service.FormReportService          : Loading JRXML: reports/form_legal.jrxml exists? true
2025-07-25T14:42:24.597+06:00  WARN 10520 --- [BRTA EasyFill] [HikariPool-1:housekeeper] com.zaxxer.hikari.pool.HikariPool        : HikariPool-1 - Thread starvation or clock leap detected (housekeeper delta=50m3s33ms487µs).
2025-07-25T14:50:53.877+06:00  INFO 10520 --- [BRTA EasyFill] [SpringApplicationShutdownHook] o.s.b.w.e.tomcat.GracefulShutdown        : Commencing graceful shutdown. Waiting for active requests to complete
2025-07-25T14:50:53.890+06:00  INFO 10520 --- [BRTA EasyFill] [tomcat-shutdown] o.s.b.w.e.tomcat.GracefulShutdown        : Graceful shutdown complete
2025-07-25T14:50:53.894+06:00  INFO 10520 --- [BRTA EasyFill] [SpringApplicationShutdownHook] j.LocalContainerEntityManagerFactoryBean : Closing JPA EntityManagerFactory for persistence unit 'default'
2025-07-25T14:50:53.897+06:00  INFO 10520 --- [BRTA EasyFill] [SpringApplicationShutdownHook] com.zaxxer.hikari.HikariDataSource       : HikariPool-1 - Shutdown initiated...
2025-07-25T14:50:53.922+06:00  INFO 10520 --- [BRTA EasyFill] [SpringApplicationShutdownHook] com.zaxxer.hikari.HikariDataSource       : HikariPool-1 - Shutdown completed.
